{"/home/leo/Documents/project/github/nodejs/generator-sails-diy/model/index.js":{"path":"/home/leo/Documents/project/github/nodejs/generator-sails-diy/model/index.js","s":{"1":1,"2":1,"3":1,"4":1,"5":1,"6":1,"7":1,"8":1,"9":1,"10":1,"11":1,"12":1,"13":2,"14":1,"15":1,"16":1,"17":2,"18":1,"19":2,"20":1,"21":2,"22":1,"23":2,"24":2,"25":2,"26":2,"27":2,"28":2,"29":2,"30":1,"31":1,"32":2,"33":2,"34":2},"b":{"1":[1,1],"2":[2,1]},"f":{"1":2,"2":1,"3":2,"4":2,"5":2,"6":2,"7":2,"8":2,"9":2},"fnMap":{"1":{"name":"DESTINATION_CONTROLLER","line":18,"loc":{"start":{"line":18,"column":29},"end":{"line":18,"column":67}}},"2":{"name":"DESTINATION_CONTROLLER_TEST","line":21,"loc":{"start":{"line":21,"column":34},"end":{"line":21,"column":77}}},"3":{"name":"DESTINATION_MODEL","line":24,"loc":{"start":{"line":24,"column":24},"end":{"line":24,"column":57}}},"4":{"name":"DESTINATION_MODEL_TEST","line":27,"loc":{"start":{"line":27,"column":29},"end":{"line":27,"column":67}}},"5":{"name":"DESTINATION_MODEL_FIXTURE","line":30,"loc":{"start":{"line":30,"column":32},"end":{"line":30,"column":73}}},"6":{"name":"(anonymous_6)","line":39,"loc":{"start":{"line":39,"column":15},"end":{"line":39,"column":27}}},"7":{"name":"(anonymous_7)","line":52,"loc":{"start":{"line":52,"column":16},"end":{"line":52,"column":28}}},"8":{"name":"(anonymous_8)","line":60,"loc":{"start":{"line":60,"column":11},"end":{"line":60,"column":21}}},"9":{"name":"(anonymous_9)","line":75,"loc":{"start":{"line":75,"column":11},"end":{"line":75,"column":23}}}},"statementMap":{"1":{"start":{"line":5,"column":0},"end":{"line":5,"column":45}},"2":{"start":{"line":6,"column":0},"end":{"line":6,"column":29}},"3":{"start":{"line":7,"column":0},"end":{"line":7,"column":31}},"4":{"start":{"line":8,"column":0},"end":{"line":8,"column":27}},"5":{"start":{"line":9,"column":0},"end":{"line":9,"column":23}},"6":{"start":{"line":10,"column":0},"end":{"line":10,"column":38}},"7":{"start":{"line":12,"column":0},"end":{"line":12,"column":40}},"8":{"start":{"line":13,"column":0},"end":{"line":13,"column":50}},"9":{"start":{"line":14,"column":0},"end":{"line":14,"column":30}},"10":{"start":{"line":15,"column":0},"end":{"line":15,"column":40}},"11":{"start":{"line":16,"column":0},"end":{"line":16,"column":45}},"12":{"start":{"line":18,"column":0},"end":{"line":20,"column":2}},"13":{"start":{"line":19,"column":2},"end":{"line":19,"column":53}},"14":{"start":{"line":21,"column":0},"end":{"line":23,"column":2}},"15":{"start":{"line":22,"column":2},"end":{"line":22,"column":64}},"16":{"start":{"line":24,"column":0},"end":{"line":26,"column":2}},"17":{"start":{"line":25,"column":2},"end":{"line":25,"column":38}},"18":{"start":{"line":27,"column":0},"end":{"line":29,"column":2}},"19":{"start":{"line":28,"column":2},"end":{"line":28,"column":49}},"20":{"start":{"line":30,"column":0},"end":{"line":32,"column":2}},"21":{"start":{"line":31,"column":2},"end":{"line":31,"column":41}},"22":{"start":{"line":35,"column":0},"end":{"line":80,"column":3}},"23":{"start":{"line":40,"column":4},"end":{"line":40,"column":43}},"24":{"start":{"line":41,"column":4},"end":{"line":47,"column":6}},"25":{"start":{"line":48,"column":4},"end":{"line":48,"column":24}},"26":{"start":{"line":53,"column":4},"end":{"line":53,"column":42}},"27":{"start":{"line":61,"column":4},"end":{"line":61,"column":38}},"28":{"start":{"line":62,"column":4},"end":{"line":62,"column":111}},"29":{"start":{"line":64,"column":4},"end":{"line":67,"column":5}},"30":{"start":{"line":65,"column":6},"end":{"line":65,"column":85}},"31":{"start":{"line":66,"column":6},"end":{"line":66,"column":95}},"32":{"start":{"line":69,"column":4},"end":{"line":69,"column":73}},"33":{"start":{"line":70,"column":4},"end":{"line":70,"column":83}},"34":{"start":{"line":71,"column":4},"end":{"line":71,"column":89}}},"branchMap":{"1":{"line":64,"type":"if","locations":[{"start":{"line":64,"column":4},"end":{"line":64,"column":4}},{"start":{"line":64,"column":4},"end":{"line":64,"column":4}}]},"2":{"line":64,"type":"binary-expr","locations":[{"start":{"line":64,"column":8},"end":{"line":64,"column":14}},{"start":{"line":64,"column":18},"end":{"line":64,"column":84}}]}}}}