TN:
SF:/home/leo/Documents/project/github/nodejs/generator-sails-diy/model/index.js
FN:18,DESTINATION_CONTROLLER
FN:21,DESTINATION_CONTROLLER_TEST
FN:24,DESTINATION_MODEL
FN:27,DESTINATION_MODEL_TEST
FN:30,DESTINATION_MODEL_FIXTURE
FN:39,(anonymous_6)
FN:52,(anonymous_7)
FN:60,(anonymous_8)
FN:75,(anonymous_9)
FNF:9
FNH:9
FNDA:2,DESTINATION_CONTROLLER
FNDA:1,DESTINATION_CONTROLLER_TEST
FNDA:2,DESTINATION_MODEL
FNDA:2,DESTINATION_MODEL_TEST
FNDA:2,DESTINATION_MODEL_FIXTURE
FNDA:2,(anonymous_6)
FNDA:2,(anonymous_7)
FNDA:2,(anonymous_8)
FNDA:2,(anonymous_9)
DA:5,1
DA:6,1
DA:7,1
DA:8,1
DA:9,1
DA:10,1
DA:12,1
DA:13,1
DA:14,1
DA:15,1
DA:16,1
DA:18,1
DA:19,2
DA:21,1
DA:22,1
DA:24,1
DA:25,2
DA:27,1
DA:28,2
DA:30,1
DA:31,2
DA:35,1
DA:40,2
DA:41,2
DA:48,2
DA:53,2
DA:61,2
DA:62,2
DA:64,2
DA:65,1
DA:66,1
DA:69,2
DA:70,2
DA:71,2
LF:34
LH:34
BRDA:64,1,0,1
BRDA:64,1,1,1
BRDA:64,2,0,2
BRDA:64,2,1,1
BRF:4
BRH:4
end_of_record
